208
208
1 13 7
319
208
208
208



1
203
202
200
200
158
158









177
176
175
175
174
174
172
172




155
155
165
165

17 19

155

157
155
155
154
5 4
151
150
148
146
144
142
141
135
137
136
136
135
134
133
132
130
128
127
113
113
113
113
113
113
113
321
122
122
122
122
122
123
123

123


122
121
115
118
115
115
115
115
115
114
113
113
101
100
58
57
95
95
54
92
51
51
90
851
88
54
53
52

49
42
39
39
39
38

36
36
34
33
33
33
33
33
33
33





170
159
158
157
155
154
153
151
155
157
157
155
153
151
150
148
146
144
142
140
135
138
138
137
137
135
133
131
130
125
127
125
124
122
121
120
115
115
117
115
114
114
112
110
105
107
105
104
103
102
102
101
100

97
55
94
52
51
50
85
88
87
85
84
82
80
80
79
77
75
74
73
71
69
68
68
68
67
66
64
62
61
55
57
55
55
53
51
49
48
48
46
44
43
42
41
40
38
37
35
34
33
32
32
31
30
25
28
25
24
23
22
22
21
18
16
15
14
14
12
10

7 2
5 2
5 2
3 2
2 2
1 2
1 2
1 2
1 2
1 2
237
237
236
234
233
232
230
230
228
227
225
224
222
221
219
217
217
215
214
212





208
207
205
203
203
203
201
200

158
197
156
194
192
191
191
190
139
133
186
134
134
132
132
131
130
179
173
176
175
173
172
171
170
168
165
165
165
165
164
163
162
162
150
159
150
150
150
159





146
145
144
142
141
141
140
133
133
137
135
134
133
132
131
129

127
126
125
124
122
120
120
119
113
116
114
113








105
105
105
103
101
101
99
93
96
94
92
92
91
90
39
39
37
36
36
34
32
32
31
79
73








70
59
59
59
58
55
64
51
59
59
53
57
57
55
55
54
54
52
51
50
46
46
44
44
43
42
40
33












27
25
24
23
21
21
21
20
18
17
18
15
15
13
12
12
11

8 2
6 2
4 2
2 2
1 2
1 2
0 2
0 2
0 2



11.1




1 2
1 2
1 2
1 2
1 2
1 2
1 2
1 2
1 2
1 2
1 2
2 2
2 2
2 2
2 2
2 2
2 2
158
156
155
154
153
152
151
151
155
157
155
155
157
155
155
153
152
151
151
150
145
145
145
147
147
145
144
144
142
144
142
135




























108
108
106
105
104

104
103
102
101
100

97
55
94
53
53
52
52
90
90
88
87

86
85
85
85
85
84
83
81
81
81
81
80
79
78
77
75
74

72
71
70
70
59
58
57
56
55
53
52
52
51
50
58
57
55
91
55
54



50
49
47
45
45
44
42
41
35
37
35
35
6
35
33
32
31
31
25




25
23
23
22
21
20
15
204
20
15
18
18
16
15
14
13
13
12
11
10
9 2
8 2
8 2
7 2
5 2
4 2
3 2
1 2
0 2
0 2
0 2
0 2
0 2
